<?xml version='1.0'?>
<ns2:test-suite xmlns:ns2='urn:model.allure.qatools.yandex.ru' start='1645147857573' stop='1645147857583'>
    <name>Setttings: Settings tab load</name>
    <title>Setttings: Settings tab load</title>
    <test-cases>
        <test-case start='1645147857574' status='passed' stop='1645147857575'>
            <name></name>
            <title></title>
            <labels>
                <label name='language' value='javascript'/>
                <label name='framework' value='wdio'/>
                <label name='thread' value='0-1'/>
            </labels>
            <parameters>
                <parameter kind='argument' name='device' value='NotUsed 9-9'/>
            </parameters>
            <steps/>
            <attachments/>
        </test-case>
        <test-case start='1645147857575' status='broken' stop='1645147857576'>
            <name>Given the current view is the app landing page</name>
            <title>Given the current view is the app landing page</title>
            <labels>
                <label name='language' value='javascript'/>
                <label name='framework' value='wdio'/>
                <label name='thread' value='0-1'/>
            </labels>
            <parameters>
                <parameter kind='argument' name='device' value='NotUsed 9-9'/>
            </parameters>
            <steps/>
            <attachments/>
            <failure>
                <message>Step "the current view is the app landing page" is not defined. You can ignore this error by setting cucumberOpts.ignoreUndefinedDefinitions as true.</message>
                <stack-trace>Step "the current view is the app landing page" is not defined. You can ignore this error by setting cucumberOpts.ignoreUndefinedDefinitions as true.
                	at Feature(C:\appium4-js\features\settings\settings.feature):1:1
                	at Scenario(Settings tab load):4:5
                	at Step(the current view is the app landing page):5:9
                </stack-trace>
            </failure>
        </test-case>
        <test-case start='1645147857576' status='broken' stop='1645147857577'>
            <name>When the settings button is pressed</name>
            <title>When the settings button is pressed</title>
            <labels>
                <label name='language' value='javascript'/>
                <label name='framework' value='wdio'/>
                <label name='thread' value='0-1'/>
            </labels>
            <parameters>
                <parameter kind='argument' name='device' value='NotUsed 9-9'/>
            </parameters>
            <steps/>
            <attachments/>
            <failure>
                <message>Step "the settings button is pressed" is not defined. You can ignore this error by setting cucumberOpts.ignoreUndefinedDefinitions as true.</message>
                <stack-trace>Step "the settings button is pressed" is not defined. You can ignore this error by setting cucumberOpts.ignoreUndefinedDefinitions as true.
                	at Feature(C:\appium4-js\features\settings\settings.feature):1:1
                	at Scenario(Settings tab load):4:5
                	at Step(the settings button is pressed):6:9
                </stack-trace>
            </failure>
        </test-case>
        <test-case start='1645147857579' status='broken' stop='1645147857580'>
            <name>Then the settings tab loads</name>
            <title>Then the settings tab loads</title>
            <labels>
                <label name='language' value='javascript'/>
                <label name='framework' value='wdio'/>
                <label name='thread' value='0-1'/>
            </labels>
            <parameters>
                <parameter kind='argument' name='device' value='NotUsed 9-9'/>
            </parameters>
            <steps/>
            <attachments/>
            <failure>
                <message>Step "the settings tab loads" is not defined. You can ignore this error by setting cucumberOpts.ignoreUndefinedDefinitions as true.</message>
                <stack-trace>Step "the settings tab loads" is not defined. You can ignore this error by setting cucumberOpts.ignoreUndefinedDefinitions as true.
                	at Feature(C:\appium4-js\features\settings\settings.feature):1:1
                	at Scenario(Settings tab load):4:5
                	at Step(the settings tab loads):7:9
                </stack-trace>
            </failure>
        </test-case>
        <test-case start='1645147857580' status='passed' stop='1645147857582'>
            <name></name>
            <title></title>
            <labels>
                <label name='language' value='javascript'/>
                <label name='framework' value='wdio'/>
                <label name='thread' value='0-1'/>
            </labels>
            <parameters>
                <parameter kind='argument' name='device' value='NotUsed 9-9'/>
            </parameters>
            <steps/>
            <attachments/>
        </test-case>
    </test-cases>
</ns2:test-suite>